2014-12-05 18:19:43,640 [  UI] INFO                   App - SignalRSelfHost started
2014-12-05 18:19:46,265 [  15] INFO             TickerHub - Received trade subscription from user 
2014-12-05 18:19:46,280 [  10] INFO             TickerHub - Connection 73083859-0059-4aa0-8c77-56018e2c6f77 of user  added to group 'AllTickers'
2014-12-05 18:19:46,515 [  10] INFO             TickerHub - Snapshot published to 73083859-0059-4aa0-8c77-56018e2c6f77
2014-12-05 18:19:58,624 [  17] INFO             TickerHub - Received trade subscription from user 
2014-12-05 18:19:58,640 [  11] INFO             TickerHub - Connection 73083859-0059-4aa0-8c77-56018e2c6f77 of user  added to group 'AllTickers'
2014-12-05 18:19:58,640 [  11] INFO             TickerHub - Snapshot published to 73083859-0059-4aa0-8c77-56018e2c6f77
2014-12-05 18:22:06,676 [  UI] INFO                   App - SignalRSelfHost started
2014-12-05 18:22:08,848 [  16] INFO             TickerHub - Received trade subscription from user 
2014-12-05 18:22:08,863 [  11] INFO    TickerHubPublisher - Broadcast new trade to blotters: Common.TickerDto
2014-12-05 18:22:08,863 [  14] INFO             TickerHub - Connection e3de0d2a-956d-48df-b866-b54cd9220681 of user  added to group 'AllTickers'
2014-12-05 18:22:09,035 [  14] INFO             TickerHub - Snapshot published to e3de0d2a-956d-48df-b866-b54cd9220681
2014-12-05 18:22:09,067 [  11] INFO    TickerHubPublisher - Broadcast new trade to blotters: Common.TickerDto
2014-12-05 18:22:09,098 [  10] INFO    TickerHubPublisher - Broadcast new trade to blotters: Common.TickerDto
2014-12-05 18:22:09,129 [  12] INFO    TickerHubPublisher - Broadcast new trade to blotters: Common.TickerDto
2014-12-05 18:22:09,160 [  10] INFO    TickerHubPublisher - Broadcast new trade to blotters: Common.TickerDto
2014-12-05 18:22:09,192 [  12] INFO    TickerHubPublisher - Broadcast new trade to blotters: Common.TickerDto
2014-12-05 18:22:09,223 [  10] INFO    TickerHubPublisher - Broadcast new trade to blotters: Common.TickerDto
2014-12-05 18:22:09,254 [  12] INFO    TickerHubPublisher - Broadcast new trade to blotters: Common.TickerDto
2014-12-05 18:22:09,285 [  10] INFO    TickerHubPublisher - Broadcast new trade to blotters: Common.TickerDto
2014-12-05 18:22:09,317 [  12] INFO    TickerHubPublisher - Broadcast new trade to blotters: Common.TickerDto
2014-12-05 18:22:09,348 [  10] INFO    TickerHubPublisher - Broadcast new trade to blotters: Common.TickerDto
2014-12-05 18:22:09,379 [  17] INFO    TickerHubPublisher - Broadcast new trade to blotters: Common.TickerDto
2014-12-05 18:22:09,410 [  14] INFO    TickerHubPublisher - Broadcast new trade to blotters: Common.TickerDto
2014-12-05 18:22:09,442 [  12] INFO    TickerHubPublisher - Broadcast new trade to blotters: Common.TickerDto
2014-12-05 18:22:09,473 [  17] INFO    TickerHubPublisher - Broadcast new trade to blotters: Common.TickerDto
2014-12-05 18:22:09,504 [  11] INFO    TickerHubPublisher - Broadcast new trade to blotters: Common.TickerDto
2014-12-05 18:22:09,535 [  14] INFO    TickerHubPublisher - Broadcast new trade to blotters: Common.TickerDto
2014-12-05 18:22:09,567 [  17] INFO    TickerHubPublisher - Broadcast new trade to blotters: Common.TickerDto
2014-12-05 18:22:09,598 [  11] INFO    TickerHubPublisher - Broadcast new trade to blotters: Common.TickerDto
2014-12-05 18:22:09,629 [  12] INFO    TickerHubPublisher - Broadcast new trade to blotters: Common.TickerDto
2014-12-05 18:22:09,660 [  14] INFO    TickerHubPublisher - Broadcast new trade to blotters: Common.TickerDto
2014-12-05 18:22:09,692 [  11] INFO    TickerHubPublisher - Broadcast new trade to blotters: Common.TickerDto
2014-12-05 18:22:09,723 [  17] INFO    TickerHubPublisher - Broadcast new trade to blotters: Common.TickerDto
2014-12-05 18:22:09,754 [  12] INFO    TickerHubPublisher - Broadcast new trade to blotters: Common.TickerDto
2014-12-05 18:22:09,785 [  11] INFO    TickerHubPublisher - Broadcast new trade to blotters: Common.TickerDto
2014-12-05 18:22:09,817 [  17] INFO    TickerHubPublisher - Broadcast new trade to blotters: Common.TickerDto
2014-12-05 18:22:09,848 [  12] INFO    TickerHubPublisher - Broadcast new trade to blotters: Common.TickerDto
2014-12-05 18:22:09,879 [  17] INFO    TickerHubPublisher - Broadcast new trade to blotters: Common.TickerDto
2014-12-05 18:22:09,910 [  14] INFO    TickerHubPublisher - Broadcast new trade to blotters: Common.TickerDto
2014-12-05 18:22:09,942 [  11] INFO    TickerHubPublisher - Broadcast new trade to blotters: Common.TickerDto
2014-12-05 18:22:09,973 [  12] INFO    TickerHubPublisher - Broadcast new trade to blotters: Common.TickerDto
2014-12-05 18:22:10,004 [  14] INFO    TickerHubPublisher - Broadcast new trade to blotters: Common.TickerDto
2014-12-05 18:22:10,035 [  12] INFO    TickerHubPublisher - Broadcast new trade to blotters: Common.TickerDto
2014-12-05 18:22:10,067 [  17] INFO    TickerHubPublisher - Broadcast new trade to blotters: Common.TickerDto
2014-12-05 18:22:10,098 [  14] INFO    TickerHubPublisher - Broadcast new trade to blotters: Common.TickerDto
2014-12-05 18:22:10,129 [  12] INFO    TickerHubPublisher - Broadcast new trade to blotters: Common.TickerDto
2014-12-05 18:22:10,160 [  11] INFO    TickerHubPublisher - Broadcast new trade to blotters: Common.TickerDto
2014-12-05 18:22:10,192 [  12] INFO    TickerHubPublisher - Broadcast new trade to blotters: Common.TickerDto
2014-12-05 18:22:10,223 [  17] INFO    TickerHubPublisher - Broadcast new trade to blotters: Common.TickerDto
2014-12-05 18:22:10,254 [  11] INFO    TickerHubPublisher - Broadcast new trade to blotters: Common.TickerDto
2014-12-05 18:22:10,285 [  14] INFO    TickerHubPublisher - Broadcast new trade to blotters: Common.TickerDto
2014-12-05 18:22:10,317 [  11] INFO    TickerHubPublisher - Broadcast new trade to blotters: Common.TickerDto
2014-12-05 18:22:10,348 [  17] INFO    TickerHubPublisher - Broadcast new trade to blotters: Common.TickerDto
2014-12-05 18:22:10,379 [  11] INFO    TickerHubPublisher - Broadcast new trade to blotters: Common.TickerDto
2014-12-05 18:22:10,410 [  12] INFO    TickerHubPublisher - Broadcast new trade to blotters: Common.TickerDto
2014-12-05 18:22:10,442 [  11] INFO    TickerHubPublisher - Broadcast new trade to blotters: Common.TickerDto
2014-12-05 18:22:10,473 [  17] INFO    TickerHubPublisher - Broadcast new trade to blotters: Common.TickerDto
2014-12-05 18:22:10,504 [  12] INFO    TickerHubPublisher - Broadcast new trade to blotters: Common.TickerDto
2014-12-05 18:22:10,535 [  11] INFO    TickerHubPublisher - Broadcast new trade to blotters: Common.TickerDto
2014-12-05 18:22:10,567 [  14] INFO    TickerHubPublisher - Broadcast new trade to blotters: Common.TickerDto
2014-12-05 18:22:10,598 [  12] INFO    TickerHubPublisher - Broadcast new trade to blotters: Common.TickerDto
2014-12-05 18:22:10,629 [  11] INFO    TickerHubPublisher - Broadcast new trade to blotters: Common.TickerDto
2014-12-05 18:22:10,660 [  12] INFO    TickerHubPublisher - Broadcast new trade to blotters: Common.TickerDto
2014-12-05 18:22:10,692 [  11] INFO    TickerHubPublisher - Broadcast new trade to blotters: Common.TickerDto
2014-12-05 18:22:10,723 [  10] INFO    TickerHubPublisher - Broadcast new trade to blotters: Common.TickerDto
2014-12-05 18:22:10,754 [  11] INFO    TickerHubPublisher - Broadcast new trade to blotters: Common.TickerDto
2014-12-05 18:22:10,785 [  10] INFO    TickerHubPublisher - Broadcast new trade to blotters: Common.TickerDto
2014-12-05 18:22:10,817 [  11] INFO    TickerHubPublisher - Broadcast new trade to blotters: Common.TickerDto
2014-12-05 18:22:10,848 [  12] INFO    TickerHubPublisher - Broadcast new trade to blotters: Common.TickerDto
2014-12-05 18:22:10,879 [  11] INFO    TickerHubPublisher - Broadcast new trade to blotters: Common.TickerDto
2014-12-05 18:22:10,910 [  14] INFO    TickerHubPublisher - Broadcast new trade to blotters: Common.TickerDto
2014-12-05 18:22:10,942 [  17] INFO    TickerHubPublisher - Broadcast new trade to blotters: Common.TickerDto
2014-12-05 18:22:10,973 [  12] INFO    TickerHubPublisher - Broadcast new trade to blotters: Common.TickerDto
2014-12-05 18:22:11,004 [  10] INFO    TickerHubPublisher - Broadcast new trade to blotters: Common.TickerDto
2014-12-05 18:22:11,035 [  14] INFO    TickerHubPublisher - Broadcast new trade to blotters: Common.TickerDto
2014-12-05 18:22:11,067 [  12] INFO    TickerHubPublisher - Broadcast new trade to blotters: Common.TickerDto
2014-12-05 18:22:11,098 [  17] INFO    TickerHubPublisher - Broadcast new trade to blotters: Common.TickerDto
2014-12-05 18:22:11,129 [  10] INFO    TickerHubPublisher - Broadcast new trade to blotters: Common.TickerDto
2014-12-05 18:22:11,160 [  12] INFO    TickerHubPublisher - Broadcast new trade to blotters: Common.TickerDto
2014-12-05 18:22:11,192 [  14] INFO    TickerHubPublisher - Broadcast new trade to blotters: Common.TickerDto
2014-12-05 18:22:11,223 [  17] INFO    TickerHubPublisher - Broadcast new trade to blotters: Common.TickerDto
2014-12-05 18:22:11,254 [  10] INFO    TickerHubPublisher - Broadcast new trade to blotters: Common.TickerDto
2014-12-05 18:22:11,285 [  12] INFO    TickerHubPublisher - Broadcast new trade to blotters: Common.TickerDto
2014-12-05 18:22:11,317 [  14] INFO    TickerHubPublisher - Broadcast new trade to blotters: Common.TickerDto
2014-12-05 18:22:11,348 [  10] INFO    TickerHubPublisher - Broadcast new trade to blotters: Common.TickerDto
2014-12-05 18:22:11,379 [  17] INFO    TickerHubPublisher - Broadcast new trade to blotters: Common.TickerDto
2014-12-05 18:22:11,410 [  12] INFO    TickerHubPublisher - Broadcast new trade to blotters: Common.TickerDto
2014-12-05 18:22:11,442 [  14] INFO    TickerHubPublisher - Broadcast new trade to blotters: Common.TickerDto
2014-12-05 18:22:11,473 [  17] INFO    TickerHubPublisher - Broadcast new trade to blotters: Common.TickerDto
2014-12-05 18:22:11,504 [  14] INFO    TickerHubPublisher - Broadcast new trade to blotters: Common.TickerDto
2014-12-05 18:22:11,535 [  12] INFO    TickerHubPublisher - Broadcast new trade to blotters: Common.TickerDto
2014-12-05 18:22:11,567 [  10] INFO    TickerHubPublisher - Broadcast new trade to blotters: Common.TickerDto
2014-12-05 18:22:11,598 [  17] INFO    TickerHubPublisher - Broadcast new trade to blotters: Common.TickerDto
2014-12-05 18:22:11,629 [  14] INFO    TickerHubPublisher - Broadcast new trade to blotters: Common.TickerDto
2014-12-05 18:22:11,660 [  12] INFO    TickerHubPublisher - Broadcast new trade to blotters: Common.TickerDto
2014-12-05 18:22:11,692 [  14] INFO    TickerHubPublisher - Broadcast new trade to blotters: Common.TickerDto
2014-12-05 18:22:11,723 [  10] INFO    TickerHubPublisher - Broadcast new trade to blotters: Common.TickerDto
2014-12-05 18:22:11,754 [  17] INFO    TickerHubPublisher - Broadcast new trade to blotters: Common.TickerDto
2014-12-05 18:22:11,785 [  14] INFO    TickerHubPublisher - Broadcast new trade to blotters: Common.TickerDto
2014-12-05 18:22:11,817 [  10] INFO    TickerHubPublisher - Broadcast new trade to blotters: Common.TickerDto
2014-12-05 18:22:11,848 [  12] INFO    TickerHubPublisher - Broadcast new trade to blotters: Common.TickerDto
2014-12-05 18:22:11,879 [  17] INFO    TickerHubPublisher - Broadcast new trade to blotters: Common.TickerDto
2014-12-05 18:22:11,910 [  10] INFO    TickerHubPublisher - Broadcast new trade to blotters: Common.TickerDto
2014-12-05 18:22:11,942 [  14] INFO    TickerHubPublisher - Broadcast new trade to blotters: Common.TickerDto
2014-12-05 18:22:11,973 [  12] INFO    TickerHubPublisher - Broadcast new trade to blotters: Common.TickerDto
2014-12-05 18:22:12,004 [  17] INFO    TickerHubPublisher - Broadcast new trade to blotters: Common.TickerDto
2014-12-05 18:22:12,035 [  14] INFO    TickerHubPublisher - Broadcast new trade to blotters: Common.TickerDto
2014-12-05 18:22:12,067 [  10] INFO    TickerHubPublisher - Broadcast new trade to blotters: Common.TickerDto
2014-12-05 18:22:12,098 [  17] INFO    TickerHubPublisher - Broadcast new trade to blotters: Common.TickerDto
2014-12-05 18:22:12,129 [  12] INFO    TickerHubPublisher - Broadcast new trade to blotters: Common.TickerDto
2014-12-05 18:22:12,160 [  14] INFO    TickerHubPublisher - Broadcast new trade to blotters: Common.TickerDto
2014-12-05 18:22:12,192 [  10] INFO    TickerHubPublisher - Broadcast new trade to blotters: Common.TickerDto
2014-12-05 18:22:12,223 [  17] INFO    TickerHubPublisher - Broadcast new trade to blotters: Common.TickerDto
2014-12-05 18:22:12,254 [  10] INFO    TickerHubPublisher - Broadcast new trade to blotters: Common.TickerDto
2014-12-05 18:22:12,285 [  14] INFO    TickerHubPublisher - Broadcast new trade to blotters: Common.TickerDto
2014-12-05 18:22:12,317 [  17] INFO    TickerHubPublisher - Broadcast new trade to blotters: Common.TickerDto
2014-12-05 18:22:12,348 [  10] INFO    TickerHubPublisher - Broadcast new trade to blotters: Common.TickerDto
2014-12-05 18:22:12,379 [  14] INFO    TickerHubPublisher - Broadcast new trade to blotters: Common.TickerDto
2014-12-05 18:22:12,410 [  12] INFO    TickerHubPublisher - Broadcast new trade to blotters: Common.TickerDto
2014-12-05 18:22:12,442 [  10] INFO    TickerHubPublisher - Broadcast new trade to blotters: Common.TickerDto
2014-12-05 18:22:12,473 [  17] INFO    TickerHubPublisher - Broadcast new trade to blotters: Common.TickerDto
2014-12-05 18:22:12,504 [  14] INFO    TickerHubPublisher - Broadcast new trade to blotters: Common.TickerDto
2014-12-05 18:22:12,535 [  10] INFO    TickerHubPublisher - Broadcast new trade to blotters: Common.TickerDto
2014-12-05 18:22:12,567 [  12] INFO    TickerHubPublisher - Broadcast new trade to blotters: Common.TickerDto
2014-12-05 18:22:12,598 [  14] INFO    TickerHubPublisher - Broadcast new trade to blotters: Common.TickerDto
2014-12-05 18:22:12,629 [  10] INFO    TickerHubPublisher - Broadcast new trade to blotters: Common.TickerDto
2014-12-05 18:22:12,660 [  17] INFO    TickerHubPublisher - Broadcast new trade to blotters: Common.TickerDto
2014-12-05 18:22:12,692 [  14] INFO    TickerHubPublisher - Broadcast new trade to blotters: Common.TickerDto
2014-12-05 18:22:12,723 [  10] INFO    TickerHubPublisher - Broadcast new trade to blotters: Common.TickerDto
2014-12-05 18:22:12,754 [  14] INFO    TickerHubPublisher - Broadcast new trade to blotters: Common.TickerDto
2014-12-05 18:22:12,785 [  12] INFO    TickerHubPublisher - Broadcast new trade to blotters: Common.TickerDto
2014-12-05 18:22:12,817 [  10] INFO    TickerHubPublisher - Broadcast new trade to blotters: Common.TickerDto
2014-12-05 18:22:12,848 [  14] INFO    TickerHubPublisher - Broadcast new trade to blotters: Common.TickerDto
2014-12-05 18:22:12,879 [  12] INFO    TickerHubPublisher - Broadcast new trade to blotters: Common.TickerDto
2014-12-05 18:22:12,910 [  17] INFO    TickerHubPublisher - Broadcast new trade to blotters: Common.TickerDto
2014-12-05 18:22:12,942 [  10] INFO    TickerHubPublisher - Broadcast new trade to blotters: Common.TickerDto
2014-12-05 18:22:12,973 [  14] INFO    TickerHubPublisher - Broadcast new trade to blotters: Common.TickerDto
2014-12-05 18:22:13,004 [  17] INFO    TickerHubPublisher - Broadcast new trade to blotters: Common.TickerDto
2014-12-05 18:22:13,035 [  12] INFO    TickerHubPublisher - Broadcast new trade to blotters: Common.TickerDto
2014-12-05 18:22:13,067 [  14] INFO    TickerHubPublisher - Broadcast new trade to blotters: Common.TickerDto
2014-12-05 18:22:13,098 [  12] INFO    TickerHubPublisher - Broadcast new trade to blotters: Common.TickerDto
2014-12-05 18:22:13,129 [  14] INFO    TickerHubPublisher - Broadcast new trade to blotters: Common.TickerDto
2014-12-05 18:22:13,160 [  17] INFO    TickerHubPublisher - Broadcast new trade to blotters: Common.TickerDto
2014-12-05 18:22:13,192 [  10] INFO    TickerHubPublisher - Broadcast new trade to blotters: Common.TickerDto
2014-12-05 18:22:13,223 [  12] INFO    TickerHubPublisher - Broadcast new trade to blotters: Common.TickerDto
2014-12-05 18:22:13,254 [  14] INFO    TickerHubPublisher - Broadcast new trade to blotters: Common.TickerDto
2014-12-05 18:22:13,285 [  17] INFO    TickerHubPublisher - Broadcast new trade to blotters: Common.TickerDto
2014-12-05 18:22:13,317 [  14] INFO    TickerHubPublisher - Broadcast new trade to blotters: Common.TickerDto
2014-12-05 18:22:13,348 [  12] INFO    TickerHubPublisher - Broadcast new trade to blotters: Common.TickerDto
2014-12-05 18:22:13,379 [  14] INFO    TickerHubPublisher - Broadcast new trade to blotters: Common.TickerDto
2014-12-05 18:22:13,410 [  17] INFO    TickerHubPublisher - Broadcast new trade to blotters: Common.TickerDto
2014-12-05 18:22:13,442 [  12] INFO    TickerHubPublisher - Broadcast new trade to blotters: Common.TickerDto
2014-12-05 18:22:13,473 [  10] INFO    TickerHubPublisher - Broadcast new trade to blotters: Common.TickerDto
2014-12-05 18:22:13,504 [  17] INFO    TickerHubPublisher - Broadcast new trade to blotters: Common.TickerDto
2014-12-05 18:22:13,535 [  10] INFO    TickerHubPublisher - Broadcast new trade to blotters: Common.TickerDto
2014-12-05 18:22:13,567 [  14] INFO    TickerHubPublisher - Broadcast new trade to blotters: Common.TickerDto
2014-12-05 18:22:13,598 [  12] INFO    TickerHubPublisher - Broadcast new trade to blotters: Common.TickerDto
2014-12-05 18:22:13,629 [  10] INFO    TickerHubPublisher - Broadcast new trade to blotters: Common.TickerDto
2014-12-05 18:22:13,660 [  17] INFO    TickerHubPublisher - Broadcast new trade to blotters: Common.TickerDto
2014-12-05 18:22:13,692 [  10] INFO    TickerHubPublisher - Broadcast new trade to blotters: Common.TickerDto
2014-12-05 18:22:13,723 [  12] INFO    TickerHubPublisher - Broadcast new trade to blotters: Common.TickerDto
2014-12-05 18:22:13,754 [  17] INFO    TickerHubPublisher - Broadcast new trade to blotters: Common.TickerDto
2014-12-05 18:22:13,785 [  14] INFO    TickerHubPublisher - Broadcast new trade to blotters: Common.TickerDto
2014-12-05 18:22:13,817 [  12] INFO    TickerHubPublisher - Broadcast new trade to blotters: Common.TickerDto
2014-12-05 18:22:13,848 [  17] INFO    TickerHubPublisher - Broadcast new trade to blotters: Common.TickerDto
2014-12-05 18:22:13,879 [  14] INFO    TickerHubPublisher - Broadcast new trade to blotters: Common.TickerDto
2014-12-05 18:22:13,910 [  10] INFO    TickerHubPublisher - Broadcast new trade to blotters: Common.TickerDto
2014-12-05 18:22:13,942 [  12] INFO    TickerHubPublisher - Broadcast new trade to blotters: Common.TickerDto
2014-12-05 18:22:13,973 [  17] INFO    TickerHubPublisher - Broadcast new trade to blotters: Common.TickerDto
2014-12-05 18:22:14,004 [  14] INFO    TickerHubPublisher - Broadcast new trade to blotters: Common.TickerDto
2014-12-05 18:22:14,035 [  10] INFO    TickerHubPublisher - Broadcast new trade to blotters: Common.TickerDto
2014-12-05 18:22:14,067 [  12] INFO    TickerHubPublisher - Broadcast new trade to blotters: Common.TickerDto
2014-12-05 18:22:14,098 [  17] INFO    TickerHubPublisher - Broadcast new trade to blotters: Common.TickerDto
2014-12-05 18:22:14,129 [  10] INFO    TickerHubPublisher - Broadcast new trade to blotters: Common.TickerDto
2014-12-05 18:22:14,160 [  14] INFO    TickerHubPublisher - Broadcast new trade to blotters: Common.TickerDto
2014-12-05 18:22:14,192 [  12] INFO    TickerHubPublisher - Broadcast new trade to blotters: Common.TickerDto
2014-12-05 18:22:14,223 [  17] INFO    TickerHubPublisher - Broadcast new trade to blotters: Common.TickerDto
2014-12-05 18:22:14,254 [  10] INFO    TickerHubPublisher - Broadcast new trade to blotters: Common.TickerDto
2014-12-05 18:22:14,285 [  14] INFO    TickerHubPublisher - Broadcast new trade to blotters: Common.TickerDto
2014-12-05 18:22:14,317 [  17] INFO    TickerHubPublisher - Broadcast new trade to blotters: Common.TickerDto
2014-12-05 18:22:14,348 [  10] INFO    TickerHubPublisher - Broadcast new trade to blotters: Common.TickerDto
2014-12-05 18:22:14,379 [  14] INFO    TickerHubPublisher - Broadcast new trade to blotters: Common.TickerDto
2014-12-05 18:22:14,410 [  12] INFO    TickerHubPublisher - Broadcast new trade to blotters: Common.TickerDto
2014-12-05 18:22:14,442 [  17] INFO    TickerHubPublisher - Broadcast new trade to blotters: Common.TickerDto
2014-12-05 18:22:14,473 [  10] INFO    TickerHubPublisher - Broadcast new trade to blotters: Common.TickerDto
2014-12-05 18:22:14,504 [  14] INFO    TickerHubPublisher - Broadcast new trade to blotters: Common.TickerDto
2014-12-05 18:22:14,535 [  12] INFO    TickerHubPublisher - Broadcast new trade to blotters: Common.TickerDto
2014-12-05 18:22:14,567 [  17] INFO    TickerHubPublisher - Broadcast new trade to blotters: Common.TickerDto
2014-12-05 18:22:14,598 [  10] INFO    TickerHubPublisher - Broadcast new trade to blotters: Common.TickerDto
2014-12-05 18:22:14,629 [  14] INFO    TickerHubPublisher - Broadcast new trade to blotters: Common.TickerDto
2014-12-05 18:22:14,660 [  12] INFO    TickerHubPublisher - Broadcast new trade to blotters: Common.TickerDto
2014-12-05 18:22:14,692 [  17] INFO    TickerHubPublisher - Broadcast new trade to blotters: Common.TickerDto
2014-12-05 18:22:14,723 [  10] INFO    TickerHubPublisher - Broadcast new trade to blotters: Common.TickerDto
2014-12-05 18:22:14,754 [  14] INFO    TickerHubPublisher - Broadcast new trade to blotters: Common.TickerDto
2014-12-05 18:22:14,785 [  12] INFO    TickerHubPublisher - Broadcast new trade to blotters: Common.TickerDto
2014-12-05 18:22:14,817 [  14] INFO    TickerHubPublisher - Broadcast new trade to blotters: Common.TickerDto
2014-12-05 18:22:14,848 [  10] INFO    TickerHubPublisher - Broadcast new trade to blotters: Common.TickerDto
2014-12-05 18:22:14,879 [  17] INFO    TickerHubPublisher - Broadcast new trade to blotters: Common.TickerDto
2014-12-05 18:22:14,910 [  14] INFO    TickerHubPublisher - Broadcast new trade to blotters: Common.TickerDto
2014-12-05 18:22:14,942 [  12] INFO    TickerHubPublisher - Broadcast new trade to blotters: Common.TickerDto
2014-12-05 18:22:14,973 [  10] INFO    TickerHubPublisher - Broadcast new trade to blotters: Common.TickerDto
2014-12-05 18:22:15,004 [  17] INFO    TickerHubPublisher - Broadcast new trade to blotters: Common.TickerDto
2014-12-05 18:22:15,035 [  14] INFO    TickerHubPublisher - Broadcast new trade to blotters: Common.TickerDto
2014-12-05 18:22:15,067 [  12] INFO    TickerHubPublisher - Broadcast new trade to blotters: Common.TickerDto
2014-12-05 18:22:15,098 [  10] INFO    TickerHubPublisher - Broadcast new trade to blotters: Common.TickerDto
2014-12-05 18:22:15,129 [  17] INFO    TickerHubPublisher - Broadcast new trade to blotters: Common.TickerDto
2014-12-05 18:22:15,160 [  14] INFO    TickerHubPublisher - Broadcast new trade to blotters: Common.TickerDto
2014-12-05 18:22:15,192 [  12] INFO    TickerHubPublisher - Broadcast new trade to blotters: Common.TickerDto
2014-12-05 18:22:15,223 [  17] INFO    TickerHubPublisher - Broadcast new trade to blotters: Common.TickerDto
2014-12-05 18:22:15,254 [  10] INFO    TickerHubPublisher - Broadcast new trade to blotters: Common.TickerDto
2014-12-05 18:22:15,285 [  14] INFO    TickerHubPublisher - Broadcast new trade to blotters: Common.TickerDto
2014-12-05 18:22:15,317 [  12] INFO    TickerHubPublisher - Broadcast new trade to blotters: Common.TickerDto
2014-12-05 18:22:15,348 [  17] INFO    TickerHubPublisher - Broadcast new trade to blotters: Common.TickerDto
2014-12-05 18:22:15,379 [  10] INFO    TickerHubPublisher - Broadcast new trade to blotters: Common.TickerDto
2014-12-05 18:22:15,410 [  14] INFO    TickerHubPublisher - Broadcast new trade to blotters: Common.TickerDto
2014-12-05 18:22:15,442 [  12] INFO    TickerHubPublisher - Broadcast new trade to blotters: Common.TickerDto
2014-12-05 18:22:15,473 [  10] INFO    TickerHubPublisher - Broadcast new trade to blotters: Common.TickerDto
2014-12-05 18:22:15,504 [  17] INFO    TickerHubPublisher - Broadcast new trade to blotters: Common.TickerDto
2014-12-05 18:22:15,535 [  14] INFO    TickerHubPublisher - Broadcast new trade to blotters: Common.TickerDto
2014-12-05 18:22:15,567 [  12] INFO    TickerHubPublisher - Broadcast new trade to blotters: Common.TickerDto
2014-12-05 18:22:15,598 [  10] INFO    TickerHubPublisher - Broadcast new trade to blotters: Common.TickerDto
2014-12-05 18:22:15,629 [  14] INFO    TickerHubPublisher - Broadcast new trade to blotters: Common.TickerDto
2014-12-05 18:22:15,660 [  17] INFO    TickerHubPublisher - Broadcast new trade to blotters: Common.TickerDto
2014-12-05 18:22:15,692 [  12] INFO    TickerHubPublisher - Broadcast new trade to blotters: Common.TickerDto
2014-12-05 18:22:15,723 [  14] INFO    TickerHubPublisher - Broadcast new trade to blotters: Common.TickerDto
2014-12-05 18:22:15,754 [  10] INFO    TickerHubPublisher - Broadcast new trade to blotters: Common.TickerDto
2014-12-05 18:22:15,785 [  17] INFO    TickerHubPublisher - Broadcast new trade to blotters: Common.TickerDto
2014-12-05 18:22:15,817 [  12] INFO    TickerHubPublisher - Broadcast new trade to blotters: Common.TickerDto
2014-12-05 18:22:15,848 [  10] INFO    TickerHubPublisher - Broadcast new trade to blotters: Common.TickerDto
2014-12-05 18:22:15,879 [  14] INFO    TickerHubPublisher - Broadcast new trade to blotters: Common.TickerDto
2014-12-05 18:22:15,910 [  17] INFO    TickerHubPublisher - Broadcast new trade to blotters: Common.TickerDto
2014-12-05 18:22:15,942 [  10] INFO    TickerHubPublisher - Broadcast new trade to blotters: Common.TickerDto
2014-12-05 18:22:15,973 [  12] INFO    TickerHubPublisher - Broadcast new trade to blotters: Common.TickerDto
2014-12-05 18:22:16,004 [  14] INFO    TickerHubPublisher - Broadcast new trade to blotters: Common.TickerDto
2014-12-05 18:22:16,035 [  17] INFO    TickerHubPublisher - Broadcast new trade to blotters: Common.TickerDto
2014-12-05 18:22:16,067 [  14] INFO    TickerHubPublisher - Broadcast new trade to blotters: Common.TickerDto
2014-12-05 18:22:16,098 [  12] INFO    TickerHubPublisher - Broadcast new trade to blotters: Common.TickerDto
2014-12-05 18:22:16,129 [  10] INFO    TickerHubPublisher - Broadcast new trade to blotters: Common.TickerDto
2014-12-05 18:22:16,160 [  17] INFO    TickerHubPublisher - Broadcast new trade to blotters: Common.TickerDto
2014-12-05 18:22:16,192 [  14] INFO    TickerHubPublisher - Broadcast new trade to blotters: Common.TickerDto
2014-12-05 18:22:16,223 [  12] INFO    TickerHubPublisher - Broadcast new trade to blotters: Common.TickerDto
2014-12-05 18:22:16,254 [  10] INFO    TickerHubPublisher - Broadcast new trade to blotters: Common.TickerDto
2014-12-05 18:22:16,285 [  17] INFO    TickerHubPublisher - Broadcast new trade to blotters: Common.TickerDto
2014-12-05 18:22:16,317 [  14] INFO    TickerHubPublisher - Broadcast new trade to blotters: Common.TickerDto
2014-12-05 18:22:16,348 [  12] INFO    TickerHubPublisher - Broadcast new trade to blotters: Common.TickerDto
2014-12-05 18:22:16,379 [  10] INFO    TickerHubPublisher - Broadcast new trade to blotters: Common.TickerDto
2014-12-05 18:22:16,410 [  17] INFO    TickerHubPublisher - Broadcast new trade to blotters: Common.TickerDto
2014-12-05 18:22:16,442 [  14] INFO    TickerHubPublisher - Broadcast new trade to blotters: Common.TickerDto
2014-12-05 18:22:16,488 [  12] INFO    TickerHubPublisher - Broadcast new trade to blotters: Common.TickerDto
2014-12-05 18:22:16,520 [  10] INFO    TickerHubPublisher - Broadcast new trade to blotters: Common.TickerDto
2014-12-05 18:22:16,551 [  10] INFO    TickerHubPublisher - Broadcast new trade to blotters: Common.TickerDto
2014-12-05 18:22:16,582 [  14] INFO    TickerHubPublisher - Broadcast new trade to blotters: Common.TickerDto
2014-12-05 18:22:16,614 [  10] INFO    TickerHubPublisher - Broadcast new trade to blotters: Common.TickerDto
2014-12-05 18:22:16,645 [  14] INFO    TickerHubPublisher - Broadcast new trade to blotters: Common.TickerDto
2014-12-05 18:22:16,676 [  10] INFO    TickerHubPublisher - Broadcast new trade to blotters: Common.TickerDto
2014-12-05 18:22:16,707 [  14] INFO    TickerHubPublisher - Broadcast new trade to blotters: Common.TickerDto
2014-12-05 18:22:16,738 [  10] INFO    TickerHubPublisher - Broadcast new trade to blotters: Common.TickerDto
2014-12-05 18:22:16,770 [  14] INFO    TickerHubPublisher - Broadcast new trade to blotters: Common.TickerDto
2014-12-05 18:22:16,801 [  10] INFO    TickerHubPublisher - Broadcast new trade to blotters: Common.TickerDto
2014-12-05 18:22:16,832 [  14] INFO    TickerHubPublisher - Broadcast new trade to blotters: Common.TickerDto
2014-12-05 18:22:16,864 [  10] INFO    TickerHubPublisher - Broadcast new trade to blotters: Common.TickerDto
2014-12-05 18:22:16,895 [  14] INFO    TickerHubPublisher - Broadcast new trade to blotters: Common.TickerDto
2014-12-05 18:22:16,926 [  10] INFO    TickerHubPublisher - Broadcast new trade to blotters: Common.TickerDto
2014-12-05 18:22:16,957 [  14] INFO    TickerHubPublisher - Broadcast new trade to blotters: Common.TickerDto
2014-12-05 18:22:16,988 [  10] INFO    TickerHubPublisher - Broadcast new trade to blotters: Common.TickerDto
2014-12-05 18:22:17,020 [  14] INFO    TickerHubPublisher - Broadcast new trade to blotters: Common.TickerDto
2014-12-05 18:22:17,051 [  10] INFO    TickerHubPublisher - Broadcast new trade to blotters: Common.TickerDto
2014-12-05 18:22:17,082 [  14] INFO    TickerHubPublisher - Broadcast new trade to blotters: Common.TickerDto
2014-12-05 18:22:17,114 [  10] INFO    TickerHubPublisher - Broadcast new trade to blotters: Common.TickerDto
2014-12-05 18:22:17,145 [  14] INFO    TickerHubPublisher - Broadcast new trade to blotters: Common.TickerDto
2014-12-05 18:22:17,176 [  10] INFO    TickerHubPublisher - Broadcast new trade to blotters: Common.TickerDto
2014-12-05 18:22:17,207 [  14] INFO    TickerHubPublisher - Broadcast new trade to blotters: Common.TickerDto
2014-12-05 18:22:17,238 [  18] INFO    TickerHubPublisher - Broadcast new trade to blotters: Common.TickerDto
2014-12-05 18:22:17,270 [  17] INFO    TickerHubPublisher - Broadcast new trade to blotters: Common.TickerDto
2014-12-05 18:22:17,301 [  10] INFO    TickerHubPublisher - Broadcast new trade to blotters: Common.TickerDto
2014-12-05 18:22:17,332 [  18] INFO    TickerHubPublisher - Broadcast new trade to blotters: Common.TickerDto
2014-12-05 18:22:17,364 [  12] INFO    TickerHubPublisher - Broadcast new trade to blotters: Common.TickerDto
2014-12-05 18:22:17,395 [  10] INFO    TickerHubPublisher - Broadcast new trade to blotters: Common.TickerDto
2014-12-05 18:22:17,426 [  18] INFO    TickerHubPublisher - Broadcast new trade to blotters: Common.TickerDto
2014-12-05 18:22:17,457 [  17] INFO    TickerHubPublisher - Broadcast new trade to blotters: Common.TickerDto
2014-12-05 18:22:17,488 [  12] INFO    TickerHubPublisher - Broadcast new trade to blotters: Common.TickerDto
2014-12-05 18:22:17,520 [  10] INFO    TickerHubPublisher - Broadcast new trade to blotters: Common.TickerDto
2014-12-05 18:22:17,551 [  17] INFO    TickerHubPublisher - Broadcast new trade to blotters: Common.TickerDto
2014-12-05 18:22:17,582 [  18] INFO    TickerHubPublisher - Broadcast new trade to blotters: Common.TickerDto
2014-12-05 18:22:17,614 [  12] INFO    TickerHubPublisher - Broadcast new trade to blotters: Common.TickerDto
2014-12-05 18:22:17,645 [  10] INFO    TickerHubPublisher - Broadcast new trade to blotters: Common.TickerDto
2014-12-05 18:22:17,676 [  17] INFO    TickerHubPublisher - Broadcast new trade to blotters: Common.TickerDto
2014-12-05 18:22:17,707 [  18] INFO    TickerHubPublisher - Broadcast new trade to blotters: Common.TickerDto
2014-12-05 18:22:17,738 [  12] INFO    TickerHubPublisher - Broadcast new trade to blotters: Common.TickerDto
2014-12-05 18:22:17,770 [  10] INFO    TickerHubPublisher - Broadcast new trade to blotters: Common.TickerDto
2014-12-05 18:22:17,801 [  17] INFO    TickerHubPublisher - Broadcast new trade to blotters: Common.TickerDto
2014-12-05 18:22:17,832 [  18] INFO    TickerHubPublisher - Broadcast new trade to blotters: Common.TickerDto
2014-12-05 18:22:17,863 [  12] INFO    TickerHubPublisher - Broadcast new trade to blotters: Common.TickerDto
2014-12-05 18:22:17,895 [  10] INFO    TickerHubPublisher - Broadcast new trade to blotters: Common.TickerDto
2014-12-05 18:22:17,926 [  17] INFO    TickerHubPublisher - Broadcast new trade to blotters: Common.TickerDto
2014-12-05 18:22:17,957 [  18] INFO    TickerHubPublisher - Broadcast new trade to blotters: Common.TickerDto
2014-12-05 18:22:17,988 [  12] INFO    TickerHubPublisher - Broadcast new trade to blotters: Common.TickerDto
2014-12-05 18:22:18,020 [  10] INFO    TickerHubPublisher - Broadcast new trade to blotters: Common.TickerDto
2014-12-05 18:22:18,051 [  17] INFO    TickerHubPublisher - Broadcast new trade to blotters: Common.TickerDto
2014-12-05 18:22:18,082 [  18] INFO    TickerHubPublisher - Broadcast new trade to blotters: Common.TickerDto
2014-12-05 18:22:18,113 [  10] INFO    TickerHubPublisher - Broadcast new trade to blotters: Common.TickerDto
2014-12-05 18:22:18,145 [  11] INFO    TickerHubPublisher - Broadcast new trade to blotters: Common.TickerDto
2014-12-05 18:22:18,176 [  10] INFO    TickerHubPublisher - Broadcast new trade to blotters: Common.TickerDto
2014-12-05 18:22:18,207 [  11] INFO    TickerHubPublisher - Broadcast new trade to blotters: Common.TickerDto
2014-12-05 18:22:18,238 [  10] INFO    TickerHubPublisher - Broadcast new trade to blotters: Common.TickerDto
2014-12-05 18:22:18,270 [  11] INFO    TickerHubPublisher - Broadcast new trade to blotters: Common.TickerDto
2014-12-05 18:22:18,301 [  10] INFO    TickerHubPublisher - Broadcast new trade to blotters: Common.TickerDto
2014-12-05 18:22:18,332 [  11] INFO    TickerHubPublisher - Broadcast new trade to blotters: Common.TickerDto
2014-12-05 18:22:18,363 [  10] INFO    TickerHubPublisher - Broadcast new trade to blotters: Common.TickerDto
2014-12-05 18:22:18,395 [  11] INFO    TickerHubPublisher - Broadcast new trade to blotters: Common.TickerDto
2014-12-05 18:22:18,426 [  10] INFO    TickerHubPublisher - Broadcast new trade to blotters: Common.TickerDto
2014-12-05 18:22:18,457 [  11] INFO    TickerHubPublisher - Broadcast new trade to blotters: Common.TickerDto
2014-12-05 18:22:18,488 [  10] INFO    TickerHubPublisher - Broadcast new trade to blotters: Common.TickerDto
2014-12-05 18:22:18,520 [  11] INFO    TickerHubPublisher - Broadcast new trade to blotters: Common.TickerDto
2014-12-05 18:22:18,551 [  10] INFO    TickerHubPublisher - Broadcast new trade to blotters: Common.TickerDto
2014-12-05 18:22:18,582 [  11] INFO    TickerHubPublisher - Broadcast new trade to blotters: Common.TickerDto
2014-12-05 18:22:18,613 [  10] INFO    TickerHubPublisher - Broadcast new trade to blotters: Common.TickerDto
2014-12-05 18:22:18,645 [  12] INFO    TickerHubPublisher - Broadcast new trade to blotters: Common.TickerDto
2014-12-05 18:22:18,676 [  10] INFO    TickerHubPublisher - Broadcast new trade to blotters: Common.TickerDto
2014-12-05 18:22:18,707 [  18] INFO    TickerHubPublisher - Broadcast new trade to blotters: Common.TickerDto
2014-12-05 18:22:18,738 [  10] INFO    TickerHubPublisher - Broadcast new trade to blotters: Common.TickerDto
2014-12-05 18:22:18,770 [  12] INFO    TickerHubPublisher - Broadcast new trade to blotters: Common.TickerDto
2014-12-05 18:22:18,801 [  10] INFO    TickerHubPublisher - Broadcast new trade to blotters: Common.TickerDto
2014-12-05 18:22:18,832 [  12] INFO    TickerHubPublisher - Broadcast new trade to blotters: Common.TickerDto
2014-12-05 18:22:18,863 [  10] INFO    TickerHubPublisher - Broadcast new trade to blotters: Common.TickerDto
2014-12-05 18:22:18,895 [  12] INFO    TickerHubPublisher - Broadcast new trade to blotters: Common.TickerDto
2014-12-05 18:22:18,926 [  10] INFO    TickerHubPublisher - Broadcast new trade to blotters: Common.TickerDto
2014-12-05 18:22:18,957 [  12] INFO    TickerHubPublisher - Broadcast new trade to blotters: Common.TickerDto
2014-12-05 18:22:18,988 [  10] INFO    TickerHubPublisher - Broadcast new trade to blotters: Common.TickerDto
2014-12-05 18:22:19,020 [  12] INFO    TickerHubPublisher - Broadcast new trade to blotters: Common.TickerDto
2014-12-05 18:22:19,051 [  10] INFO    TickerHubPublisher - Broadcast new trade to blotters: Common.TickerDto
2014-12-05 18:22:19,082 [  12] INFO    TickerHubPublisher - Broadcast new trade to blotters: Common.TickerDto
2014-12-05 18:22:19,113 [  10] INFO    TickerHubPublisher - Broadcast new trade to blotters: Common.TickerDto
2014-12-05 18:22:19,145 [  12] INFO    TickerHubPublisher - Broadcast new trade to blotters: Common.TickerDto
2014-12-05 18:22:19,176 [  10] INFO    TickerHubPublisher - Broadcast new trade to blotters: Common.TickerDto
2014-12-05 18:22:19,207 [  12] INFO    TickerHubPublisher - Broadcast new trade to blotters: Common.TickerDto
2014-12-05 18:22:19,238 [  10] INFO    TickerHubPublisher - Broadcast new trade to blotters: Common.TickerDto
2014-12-05 18:22:19,270 [  12] INFO    TickerHubPublisher - Broadcast new trade to blotters: Common.TickerDto
2014-12-05 18:22:19,301 [  10] INFO    TickerHubPublisher - Broadcast new trade to blotters: Common.TickerDto
2014-12-05 18:22:19,332 [  12] INFO    TickerHubPublisher - Broadcast new trade to blotters: Common.TickerDto
2014-12-05 18:22:19,364 [  10] INFO    TickerHubPublisher - Broadcast new trade to blotters: Common.TickerDto
2014-12-05 18:22:19,395 [  12] INFO    TickerHubPublisher - Broadcast new trade to blotters: Common.TickerDto
2014-12-05 18:22:19,426 [  10] INFO    TickerHubPublisher - Broadcast new trade to blotters: Common.TickerDto
2014-12-05 18:22:19,457 [  12] INFO    TickerHubPublisher - Broadcast new trade to blotters: Common.TickerDto
2014-12-05 18:22:19,489 [  10] INFO    TickerHubPublisher - Broadcast new trade to blotters: Common.TickerDto
2014-12-05 18:22:19,520 [  12] INFO    TickerHubPublisher - Broadcast new trade to blotters: Common.TickerDto
2014-12-05 18:22:19,551 [  10] INFO    TickerHubPublisher - Broadcast new trade to blotters: Common.TickerDto
2014-12-05 18:22:19,582 [  18] INFO    TickerHubPublisher - Broadcast new trade to blotters: Common.TickerDto
2014-12-05 18:22:19,614 [  11] INFO    TickerHubPublisher - Broadcast new trade to blotters: Common.TickerDto
2014-12-05 18:22:19,645 [  12] INFO    TickerHubPublisher - Broadcast new trade to blotters: Common.TickerDto
2014-12-05 18:22:19,676 [  18] INFO    TickerHubPublisher - Broadcast new trade to blotters: Common.TickerDto
2014-12-05 18:22:19,707 [  17] INFO    TickerHubPublisher - Broadcast new trade to blotters: Common.TickerDto
2014-12-05 18:22:19,739 [  11] INFO    TickerHubPublisher - Broadcast new trade to blotters: Common.TickerDto
2014-12-05 18:22:19,770 [  18] INFO    TickerHubPublisher - Broadcast new trade to blotters: Common.TickerDto
2014-12-05 18:22:19,801 [  12] INFO    TickerHubPublisher - Broadcast new trade to blotters: Common.TickerDto
2014-12-05 18:22:19,832 [  17] INFO    TickerHubPublisher - Broadcast new trade to blotters: Common.TickerDto
2014-12-05 18:22:19,864 [  11] INFO    TickerHubPublisher - Broadcast new trade to blotters: Common.TickerDto
2014-12-05 18:22:19,895 [  18] INFO    TickerHubPublisher - Broadcast new trade to blotters: Common.TickerDto
2014-12-05 18:22:19,926 [  17] INFO    TickerHubPublisher - Broadcast new trade to blotters: Common.TickerDto
2014-12-05 18:22:19,957 [  12] INFO    TickerHubPublisher - Broadcast new trade to blotters: Common.TickerDto
2014-12-05 18:22:19,989 [  11] INFO    TickerHubPublisher - Broadcast new trade to blotters: Common.TickerDto
2014-12-05 18:22:20,020 [  18] INFO    TickerHubPublisher - Broadcast new trade to blotters: Common.TickerDto
2014-12-05 18:22:20,051 [  12] INFO    TickerHubPublisher - Broadcast new trade to blotters: Common.TickerDto
2014-12-05 18:22:20,082 [  17] INFO    TickerHubPublisher - Broadcast new trade to blotters: Common.TickerDto
2014-12-05 18:22:20,114 [  11] INFO    TickerHubPublisher - Broadcast new trade to blotters: Common.TickerDto
2014-12-05 18:22:20,145 [  18] INFO    TickerHubPublisher - Broadcast new trade to blotters: Common.TickerDto
2014-12-05 18:22:20,176 [  12] INFO    TickerHubPublisher - Broadcast new trade to blotters: Common.TickerDto
2014-12-05 18:22:20,207 [  11] INFO    TickerHubPublisher - Broadcast new trade to blotters: Common.TickerDto
2014-12-05 18:22:20,239 [  17] INFO    TickerHubPublisher - Broadcast new trade to blotters: Common.TickerDto
2014-12-05 18:22:20,270 [  18] INFO    TickerHubPublisher - Broadcast new trade to blotters: Common.TickerDto
2014-12-05 18:22:20,301 [  12] INFO    TickerHubPublisher - Broadcast new trade to blotters: Common.TickerDto
2014-12-05 18:22:20,332 [  11] INFO    TickerHubPublisher - Broadcast new trade to blotters: Common.TickerDto
2014-12-05 18:22:20,363 [  17] INFO    TickerHubPublisher - Broadcast new trade to blotters: Common.TickerDto
2014-12-05 18:22:20,395 [  18] INFO    TickerHubPublisher - Broadcast new trade to blotters: Common.TickerDto
2014-12-05 18:22:20,426 [  12] INFO    TickerHubPublisher - Broadcast new trade to blotters: Common.TickerDto
2014-12-05 18:22:20,457 [  11] INFO    TickerHubPublisher - Broadcast new trade to blotters: Common.TickerDto
2014-12-05 18:22:20,488 [  17] INFO    TickerHubPublisher - Broadcast new trade to blotters: Common.TickerDto
2014-12-05 18:22:20,520 [  18] INFO    TickerHubPublisher - Broadcast new trade to blotters: Common.TickerDto
2014-12-05 18:22:20,551 [  12] INFO    TickerHubPublisher - Broadcast new trade to blotters: Common.TickerDto
2014-12-05 18:22:20,582 [  11] INFO    TickerHubPublisher - Broadcast new trade to blotters: Common.TickerDto
2014-12-05 18:22:20,613 [  17] INFO    TickerHubPublisher - Broadcast new trade to blotters: Common.TickerDto
2014-12-05 18:22:20,645 [  18] INFO    TickerHubPublisher - Broadcast new trade to blotters: Common.TickerDto
2014-12-05 18:22:20,676 [  12] INFO    TickerHubPublisher - Broadcast new trade to blotters: Common.TickerDto
2014-12-05 18:22:20,707 [  11] INFO    TickerHubPublisher - Broadcast new trade to blotters: Common.TickerDto
2014-12-05 18:22:20,738 [  17] INFO    TickerHubPublisher - Broadcast new trade to blotters: Common.TickerDto
2014-12-05 18:22:20,770 [  18] INFO    TickerHubPublisher - Broadcast new trade to blotters: Common.TickerDto
2014-12-05 18:22:20,801 [  12] INFO    TickerHubPublisher - Broadcast new trade to blotters: Common.TickerDto
2014-12-05 18:22:20,832 [  11] INFO    TickerHubPublisher - Broadcast new trade to blotters: Common.TickerDto
2014-12-05 18:22:20,863 [  17] INFO    TickerHubPublisher - Broadcast new trade to blotters: Common.TickerDto
2014-12-05 18:22:20,895 [  18] INFO    TickerHubPublisher - Broadcast new trade to blotters: Common.TickerDto
2014-12-05 18:22:20,926 [  12] INFO    TickerHubPublisher - Broadcast new trade to blotters: Common.TickerDto
2014-12-05 18:22:20,957 [  11] INFO    TickerHubPublisher - Broadcast new trade to blotters: Common.TickerDto
2014-12-05 18:22:20,988 [  17] INFO    TickerHubPublisher - Broadcast new trade to blotters: Common.TickerDto
2014-12-05 18:22:21,020 [  18] INFO    TickerHubPublisher - Broadcast new trade to blotters: Common.TickerDto
2014-12-05 18:22:21,051 [  12] INFO    TickerHubPublisher - Broadcast new trade to blotters: Common.TickerDto
2014-12-05 18:22:21,082 [  17] INFO    TickerHubPublisher - Broadcast new trade to blotters: Common.TickerDto
2014-12-05 18:22:21,113 [  11] INFO    TickerHubPublisher - Broadcast new trade to blotters: Common.TickerDto
2014-12-05 18:22:21,145 [  18] INFO    TickerHubPublisher - Broadcast new trade to blotters: Common.TickerDto
2014-12-05 18:22:21,176 [  12] INFO    TickerHubPublisher - Broadcast new trade to blotters: Common.TickerDto
2014-12-05 18:22:21,207 [  17] INFO    TickerHubPublisher - Broadcast new trade to blotters: Common.TickerDto
2014-12-05 18:22:21,238 [  11] INFO    TickerHubPublisher - Broadcast new trade to blotters: Common.TickerDto
2014-12-05 18:22:21,270 [  18] INFO    TickerHubPublisher - Broadcast new trade to blotters: Common.TickerDto
2014-12-05 18:22:21,301 [  12] INFO    TickerHubPublisher - Broadcast new trade to blotters: Common.TickerDto
2014-12-05 18:22:21,332 [  17] INFO    TickerHubPublisher - Broadcast new trade to blotters: Common.TickerDto
2014-12-05 18:22:21,363 [  11] INFO    TickerHubPublisher - Broadcast new trade to blotters: Common.TickerDto
2014-12-05 18:22:21,395 [  18] INFO    TickerHubPublisher - Broadcast new trade to blotters: Common.TickerDto
2014-12-05 18:22:21,426 [  12] INFO    TickerHubPublisher - Broadcast new trade to blotters: Common.TickerDto
2014-12-05 18:22:21,457 [  17] INFO    TickerHubPublisher - Broadcast new trade to blotters: Common.TickerDto
2014-12-05 18:22:21,488 [  11] INFO    TickerHubPublisher - Broadcast new trade to blotters: Common.TickerDto
2014-12-05 18:22:21,520 [  18] INFO    TickerHubPublisher - Broadcast new trade to blotters: Common.TickerDto
2014-12-05 18:22:21,551 [  12] INFO    TickerHubPublisher - Broadcast new trade to blotters: Common.TickerDto
2014-12-05 18:22:21,582 [  17] INFO    TickerHubPublisher - Broadcast new trade to blotters: Common.TickerDto
2014-12-05 18:22:21,613 [  11] INFO    TickerHubPublisher - Broadcast new trade to blotters: Common.TickerDto
2014-12-05 18:22:21,754 [  11] INFO    TickerHubPublisher - Broadcast new trade to blotters: Common.TickerDto
2014-12-05 18:22:24,488 [  12] INFO    TickerHubPublisher - Broadcast new trade to blotters: Common.TickerDto
2014-12-05 18:22:24,520 [  18] INFO    TickerHubPublisher - Broadcast new trade to blotters: Common.TickerDto
2014-12-05 18:22:24,551 [  11] INFO    TickerHubPublisher - Broadcast new trade to blotters: Common.TickerDto
2014-12-05 18:22:24,582 [  12] INFO    TickerHubPublisher - Broadcast new trade to blotters: Common.TickerDto
2014-12-05 18:22:24,614 [  11] INFO    TickerHubPublisher - Broadcast new trade to blotters: Common.TickerDto
2014-12-05 18:22:24,645 [  12] INFO    TickerHubPublisher - Broadcast new trade to blotters: Common.TickerDto
2014-12-05 18:22:24,676 [  11] INFO    TickerHubPublisher - Broadcast new trade to blotters: Common.TickerDto
2014-12-05 18:22:24,707 [  12] INFO    TickerHubPublisher - Broadcast new trade to blotters: Common.TickerDto
2014-12-05 18:22:24,738 [  11] INFO    TickerHubPublisher - Broadcast new trade to blotters: Common.TickerDto
2014-12-05 18:22:24,770 [  12] INFO    TickerHubPublisher - Broadcast new trade to blotters: Common.TickerDto
2014-12-05 18:22:24,801 [  11] INFO    TickerHubPublisher - Broadcast new trade to blotters: Common.TickerDto
2014-12-05 18:22:24,848 [  11] INFO    TickerHubPublisher - Broadcast new trade to blotters: Common.TickerDto
2014-12-05 18:22:24,879 [  12] INFO    TickerHubPublisher - Broadcast new trade to blotters: Common.TickerDto
2014-12-05 18:22:24,879 [  21] INFO             TickerHub - Received trade subscription from user 
2014-12-05 18:22:24,895 [  11] INFO             TickerHub - Connection e3de0d2a-956d-48df-b866-b54cd9220681 of user  added to group 'AllTickers'
2014-12-05 18:22:24,895 [  11] INFO             TickerHub - Snapshot published to e3de0d2a-956d-48df-b866-b54cd9220681
2014-12-05 18:22:24,926 [  12] INFO    TickerHubPublisher - Broadcast new trade to blotters: Common.TickerDto
2014-12-05 18:22:24,957 [  17] INFO    TickerHubPublisher - Broadcast new trade to blotters: Common.TickerDto
2014-12-05 18:22:24,988 [  18] INFO    TickerHubPublisher - Broadcast new trade to blotters: Common.TickerDto
2014-12-05 18:22:25,020 [  11] INFO    TickerHubPublisher - Broadcast new trade to blotters: Common.TickerDto
2014-12-05 18:22:25,051 [  12] INFO    TickerHubPublisher - Broadcast new trade to blotters: Common.TickerDto
2014-12-05 18:22:25,082 [  17] INFO    TickerHubPublisher - Broadcast new trade to blotters: Common.TickerDto
2014-12-05 18:22:25,114 [  18] INFO    TickerHubPublisher - Broadcast new trade to blotters: Common.TickerDto
2014-12-05 18:22:25,145 [  11] INFO    TickerHubPublisher - Broadcast new trade to blotters: Common.TickerDto
2014-12-05 18:22:25,176 [  12] INFO    TickerHubPublisher - Broadcast new trade to blotters: Common.TickerDto
2014-12-05 18:22:25,207 [  17] INFO    TickerHubPublisher - Broadcast new trade to blotters: Common.TickerDto
2014-12-05 18:22:25,238 [  18] INFO    TickerHubPublisher - Broadcast new trade to blotters: Common.TickerDto
2014-12-05 18:22:25,270 [  11] INFO    TickerHubPublisher - Broadcast new trade to blotters: Common.TickerDto
2014-12-05 18:22:25,301 [  12] INFO    TickerHubPublisher - Broadcast new trade to blotters: Common.TickerDto
2014-12-05 18:22:25,332 [  17] INFO    TickerHubPublisher - Broadcast new trade to blotters: Common.TickerDto
2014-12-05 18:22:25,364 [  18] INFO    TickerHubPublisher - Broadcast new trade to blotters: Common.TickerDto
2014-12-05 18:22:25,395 [  11] INFO    TickerHubPublisher - Broadcast new trade to blotters: Common.TickerDto
2014-12-05 18:22:25,426 [  12] INFO    TickerHubPublisher - Broadcast new trade to blotters: Common.TickerDto
2014-12-05 18:22:25,457 [  17] INFO    TickerHubPublisher - Broadcast new trade to blotters: Common.TickerDto
2014-12-05 18:22:25,488 [  18] INFO    TickerHubPublisher - Broadcast new trade to blotters: Common.TickerDto
2014-12-05 18:22:25,520 [  11] INFO    TickerHubPublisher - Broadcast new trade to blotters: Common.TickerDto
2014-12-05 18:22:25,551 [  12] INFO    TickerHubPublisher - Broadcast new trade to blotters: Common.TickerDto
2014-12-05 18:22:25,582 [  17] INFO    TickerHubPublisher - Broadcast new trade to blotters: Common.TickerDto
2014-12-05 18:22:25,614 [  18] INFO    TickerHubPublisher - Broadcast new trade to blotters: Common.TickerDto
2014-12-05 18:22:25,645 [  11] INFO    TickerHubPublisher - Broadcast new trade to blotters: Common.TickerDto
2014-12-05 18:22:25,676 [  12] INFO    TickerHubPublisher - Broadcast new trade to blotters: Common.TickerDto
2014-12-05 18:22:25,707 [  17] INFO    TickerHubPublisher - Broadcast new trade to blotters: Common.TickerDto
2014-12-05 18:22:25,738 [  18] INFO    TickerHubPublisher - Broadcast new trade to blotters: Common.TickerDto
2014-12-05 18:22:25,770 [  11] INFO    TickerHubPublisher - Broadcast new trade to blotters: Common.TickerDto
2014-12-05 18:22:25,801 [  18] INFO    TickerHubPublisher - Broadcast new trade to blotters: Common.TickerDto
2014-12-05 18:22:25,832 [  17] INFO    TickerHubPublisher - Broadcast new trade to blotters: Common.TickerDto
2014-12-05 18:22:25,863 [  12] INFO    TickerHubPublisher - Broadcast new trade to blotters: Common.TickerDto
2014-12-05 18:22:25,895 [  11] INFO    TickerHubPublisher - Broadcast new trade to blotters: Common.TickerDto
2014-12-05 18:22:25,926 [  18] INFO    TickerHubPublisher - Broadcast new trade to blotters: Common.TickerDto
2014-12-05 18:22:25,957 [  17] INFO    TickerHubPublisher - Broadcast new trade to blotters: Common.TickerDto
2014-12-05 18:22:25,988 [  12] INFO    TickerHubPublisher - Broadcast new trade to blotters: Common.TickerDto
2014-12-05 18:22:26,020 [  11] INFO    TickerHubPublisher - Broadcast new trade to blotters: Common.TickerDto
2014-12-05 18:22:26,051 [  18] INFO    TickerHubPublisher - Broadcast new trade to blotters: Common.TickerDto
2014-12-05 18:22:26,082 [  12] INFO    TickerHubPublisher - Broadcast new trade to blotters: Common.TickerDto
2014-12-05 18:22:26,114 [  17] INFO    TickerHubPublisher - Broadcast new trade to blotters: Common.TickerDto
2014-12-05 18:22:26,145 [  11] INFO    TickerHubPublisher - Broadcast new trade to blotters: Common.TickerDto
2014-12-05 18:22:26,176 [  18] INFO    TickerHubPublisher - Broadcast new trade to blotters: Common.TickerDto
2014-12-05 18:22:26,207 [  12] INFO    TickerHubPublisher - Broadcast new trade to blotters: Common.TickerDto
2014-12-05 18:22:26,238 [  17] INFO    TickerHubPublisher - Broadcast new trade to blotters: Common.TickerDto
2014-12-05 18:22:26,270 [  11] INFO    TickerHubPublisher - Broadcast new trade to blotters: Common.TickerDto
2014-12-05 18:22:26,301 [  18] INFO    TickerHubPublisher - Broadcast new trade to blotters: Common.TickerDto
2014-12-05 18:22:26,332 [  12] INFO    TickerHubPublisher - Broadcast new trade to blotters: Common.TickerDto
2014-12-05 18:22:26,364 [  17] INFO    TickerHubPublisher - Broadcast new trade to blotters: Common.TickerDto
2014-12-05 18:22:26,395 [  11] INFO    TickerHubPublisher - Broadcast new trade to blotters: Common.TickerDto
2014-12-05 18:22:26,426 [  18] INFO    TickerHubPublisher - Broadcast new trade to blotters: Common.TickerDto
2014-12-05 18:22:26,457 [  12] INFO    TickerHubPublisher - Broadcast new trade to blotters: Common.TickerDto
2014-12-05 18:22:26,488 [  17] INFO    TickerHubPublisher - Broadcast new trade to blotters: Common.TickerDto
2014-12-05 18:22:26,520 [  11] INFO    TickerHubPublisher - Broadcast new trade to blotters: Common.TickerDto
2014-12-05 18:22:26,551 [  18] INFO    TickerHubPublisher - Broadcast new trade to blotters: Common.TickerDto
2014-12-05 18:22:26,582 [  17] INFO    TickerHubPublisher - Broadcast new trade to blotters: Common.TickerDto
2014-12-05 18:22:26,614 [  12] INFO    TickerHubPublisher - Broadcast new trade to blotters: Common.TickerDto
2014-12-05 18:22:26,645 [  11] INFO    TickerHubPublisher - Broadcast new trade to blotters: Common.TickerDto
2014-12-05 18:22:26,676 [  18] INFO    TickerHubPublisher - Broadcast new trade to blotters: Common.TickerDto
2014-12-05 18:22:26,707 [  17] INFO    TickerHubPublisher - Broadcast new trade to blotters: Common.TickerDto
2014-12-05 18:22:26,738 [  12] INFO    TickerHubPublisher - Broadcast new trade to blotters: Common.TickerDto
2014-12-05 18:22:26,770 [  11] INFO    TickerHubPublisher - Broadcast new trade to blotters: Common.TickerDto
2014-12-05 18:22:26,801 [  18] INFO    TickerHubPublisher - Broadcast new trade to blotters: Common.TickerDto
2014-12-05 18:22:26,832 [  17] INFO    TickerHubPublisher - Broadcast new trade to blotters: Common.TickerDto
2014-12-05 18:22:26,864 [  12] INFO    TickerHubPublisher - Broadcast new trade to blotters: Common.TickerDto
2014-12-05 18:22:26,895 [  11] INFO    TickerHubPublisher - Broadcast new trade to blotters: Common.TickerDto
2014-12-05 18:22:26,926 [  18] INFO    TickerHubPublisher - Broadcast new trade to blotters: Common.TickerDto
2014-12-05 18:22:26,957 [  17] INFO    TickerHubPublisher - Broadcast new trade to blotters: Common.TickerDto
2014-12-05 18:22:26,988 [  12] INFO    TickerHubPublisher - Broadcast new trade to blotters: Common.TickerDto
2014-12-05 18:22:27,020 [  11] INFO    TickerHubPublisher - Broadcast new trade to blotters: Common.TickerDto
2014-12-05 18:22:27,051 [  18] INFO    TickerHubPublisher - Broadcast new trade to blotters: Common.TickerDto
2014-12-05 18:22:27,082 [  17] INFO    TickerHubPublisher - Broadcast new trade to blotters: Common.TickerDto
2014-12-05 18:22:27,114 [  12] INFO    TickerHubPublisher - Broadcast new trade to blotters: Common.TickerDto
2014-12-05 18:22:27,145 [  11] INFO    TickerHubPublisher - Broadcast new trade to blotters: Common.TickerDto
2014-12-05 18:22:27,176 [  18] INFO    TickerHubPublisher - Broadcast new trade to blotters: Common.TickerDto
2014-12-05 18:22:27,207 [  17] INFO    TickerHubPublisher - Broadcast new trade to blotters: Common.TickerDto
2014-12-05 18:22:27,239 [  12] INFO    TickerHubPublisher - Broadcast new trade to blotters: Common.TickerDto
2014-12-05 18:22:27,270 [  11] INFO    TickerHubPublisher - Broadcast new trade to blotters: Common.TickerDto
2014-12-05 18:22:27,301 [  18] INFO    TickerHubPublisher - Broadcast new trade to blotters: Common.TickerDto
2014-12-05 18:22:27,332 [  17] INFO    TickerHubPublisher - Broadcast new trade to blotters: Common.TickerDto
2014-12-05 18:22:27,364 [  12] INFO    TickerHubPublisher - Broadcast new trade to blotters: Common.TickerDto
2014-12-05 18:22:27,395 [  11] INFO    TickerHubPublisher - Broadcast new trade to blotters: Common.TickerDto
2014-12-05 18:22:27,426 [  17] INFO    TickerHubPublisher - Broadcast new trade to blotters: Common.TickerDto
2014-12-05 18:22:27,457 [  18] INFO    TickerHubPublisher - Broadcast new trade to blotters: Common.TickerDto
2014-12-05 18:22:27,489 [  11] INFO    TickerHubPublisher - Broadcast new trade to blotters: Common.TickerDto
2014-12-05 18:22:27,520 [  12] INFO    TickerHubPublisher - Broadcast new trade to blotters: Common.TickerDto
2014-12-05 18:22:27,551 [  17] INFO    TickerHubPublisher - Broadcast new trade to blotters: Common.TickerDto
2014-12-05 18:22:27,582 [  11] INFO    TickerHubPublisher - Broadcast new trade to blotters: Common.TickerDto
2014-12-05 18:22:27,614 [  18] INFO    TickerHubPublisher - Broadcast new trade to blotters: Common.TickerDto
2014-12-05 18:22:27,645 [  12] INFO    TickerHubPublisher - Broadcast new trade to blotters: Common.TickerDto
2014-12-05 18:22:27,676 [  17] INFO    TickerHubPublisher - Broadcast new trade to blotters: Common.TickerDto
2014-12-05 18:22:27,707 [  18] INFO    TickerHubPublisher - Broadcast new trade to blotters: Common.TickerDto
2014-12-05 18:22:27,739 [  11] INFO    TickerHubPublisher - Broadcast new trade to blotters: Common.TickerDto
2014-12-05 18:22:27,770 [  12] INFO    TickerHubPublisher - Broadcast new trade to blotters: Common.TickerDto
2014-12-05 18:22:27,801 [  17] INFO    TickerHubPublisher - Broadcast new trade to blotters: Common.TickerDto
2014-12-05 18:22:27,832 [  18] INFO    TickerHubPublisher - Broadcast new trade to blotters: Common.TickerDto
2014-12-05 18:22:27,864 [  12] INFO    TickerHubPublisher - Broadcast new trade to blotters: Common.TickerDto
2014-12-05 18:22:27,895 [  17] INFO    TickerHubPublisher - Broadcast new trade to blotters: Common.TickerDto
2014-12-05 18:22:27,926 [  18] INFO    TickerHubPublisher - Broadcast new trade to blotters: Common.TickerDto
2014-12-05 18:22:27,957 [  11] INFO    TickerHubPublisher - Broadcast new trade to blotters: Common.TickerDto
2014-12-05 18:22:27,989 [  12] INFO    TickerHubPublisher - Broadcast new trade to blotters: Common.TickerDto
2014-12-05 18:22:28,020 [  17] INFO    TickerHubPublisher - Broadcast new trade to blotters: Common.TickerDto
2014-12-05 18:22:28,051 [  18] INFO    TickerHubPublisher - Broadcast new trade to blotters: Common.TickerDto
2014-12-05 18:22:28,082 [  11] INFO    TickerHubPublisher - Broadcast new trade to blotters: Common.TickerDto
2014-12-05 18:22:28,114 [  12] INFO    TickerHubPublisher - Broadcast new trade to blotters: Common.TickerDto
2014-12-05 18:22:28,145 [  11] INFO    TickerHubPublisher - Broadcast new trade to blotters: Common.TickerDto
2014-12-05 18:22:28,176 [  17] INFO    TickerHubPublisher - Broadcast new trade to blotters: Common.TickerDto
2014-12-05 18:22:28,207 [  18] INFO    TickerHubPublisher - Broadcast new trade to blotters: Common.TickerDto
2014-12-05 18:22:28,239 [  11] INFO    TickerHubPublisher - Broadcast new trade to blotters: Common.TickerDto
2014-12-05 18:22:28,270 [  17] INFO    TickerHubPublisher - Broadcast new trade to blotters: Common.TickerDto
2014-12-05 18:22:28,301 [  12] INFO    TickerHubPublisher - Broadcast new trade to blotters: Common.TickerDto
2014-12-05 18:22:28,332 [  18] INFO    TickerHubPublisher - Broadcast new trade to blotters: Common.TickerDto
2014-12-05 18:22:28,363 [  11] INFO    TickerHubPublisher - Broadcast new trade to blotters: Common.TickerDto
2014-12-05 18:22:28,395 [  17] INFO    TickerHubPublisher - Broadcast new trade to blotters: Common.TickerDto
2014-12-05 18:22:28,426 [  12] INFO    TickerHubPublisher - Broadcast new trade to blotters: Common.TickerDto
2014-12-05 18:22:28,457 [  18] INFO    TickerHubPublisher - Broadcast new trade to blotters: Common.TickerDto
2014-12-05 18:22:28,489 [  11] INFO    TickerHubPublisher - Broadcast new trade to blotters: Common.TickerDto
2014-12-05 18:22:28,520 [  17] INFO    TickerHubPublisher - Broadcast new trade to blotters: Common.TickerDto
2014-12-05 18:22:28,551 [  12] INFO    TickerHubPublisher - Broadcast new trade to blotters: Common.TickerDto
2014-12-05 18:22:28,582 [  18] INFO    TickerHubPublisher - Broadcast new trade to blotters: Common.TickerDto
2014-12-05 18:22:28,613 [  11] INFO    TickerHubPublisher - Broadcast new trade to blotters: Common.TickerDto
2014-12-05 18:22:28,645 [  17] INFO    TickerHubPublisher - Broadcast new trade to blotters: Common.TickerDto
2014-12-05 18:22:28,676 [  12] INFO    TickerHubPublisher - Broadcast new trade to blotters: Common.TickerDto
2014-12-05 18:22:28,707 [  18] INFO    TickerHubPublisher - Broadcast new trade to blotters: Common.TickerDto
2014-12-05 18:22:28,739 [  11] INFO    TickerHubPublisher - Broadcast new trade to blotters: Common.TickerDto
2014-12-05 18:22:28,770 [  17] INFO    TickerHubPublisher - Broadcast new trade to blotters: Common.TickerDto
2014-12-05 18:22:28,801 [  12] INFO    TickerHubPublisher - Broadcast new trade to blotters: Common.TickerDto
2014-12-05 18:22:28,832 [  18] INFO    TickerHubPublisher - Broadcast new trade to blotters: Common.TickerDto
2014-12-05 18:22:28,895 [  11] INFO    TickerHubPublisher - Broadcast new trade to blotters: Common.TickerDto
2014-12-05 18:22:38,723 [  12] INFO    TickerHubPublisher - Broadcast new trade to blotters: Common.TickerDto
2014-12-05 18:22:38,754 [  11] INFO    TickerHubPublisher - Broadcast new trade to blotters: Common.TickerDto
2014-12-05 18:22:38,785 [  12] INFO    TickerHubPublisher - Broadcast new trade to blotters: Common.TickerDto
2014-12-05 18:22:38,817 [  11] INFO    TickerHubPublisher - Broadcast new trade to blotters: Common.TickerDto
2014-12-05 18:22:38,848 [  12] INFO    TickerHubPublisher - Broadcast new trade to blotters: Common.TickerDto
2014-12-05 18:22:38,879 [  11] INFO    TickerHubPublisher - Broadcast new trade to blotters: Common.TickerDto
2014-12-05 18:22:38,910 [  12] INFO    TickerHubPublisher - Broadcast new trade to blotters: Common.TickerDto
2014-12-05 18:22:38,942 [  11] INFO    TickerHubPublisher - Broadcast new trade to blotters: Common.TickerDto
2014-12-05 18:22:38,973 [  12] INFO    TickerHubPublisher - Broadcast new trade to blotters: Common.TickerDto
2014-12-05 18:22:39,004 [  11] INFO    TickerHubPublisher - Broadcast new trade to blotters: Common.TickerDto
2014-12-05 18:22:39,035 [  12] INFO    TickerHubPublisher - Broadcast new trade to blotters: Common.TickerDto
2014-12-05 18:22:39,067 [  11] INFO    TickerHubPublisher - Broadcast new trade to blotters: Common.TickerDto
2014-12-05 18:22:39,098 [  12] INFO    TickerHubPublisher - Broadcast new trade to blotters: Common.TickerDto
2014-12-05 18:22:39,129 [  11] INFO    TickerHubPublisher - Broadcast new trade to blotters: Common.TickerDto
2014-12-05 18:22:39,160 [  12] INFO    TickerHubPublisher - Broadcast new trade to blotters: Common.TickerDto
2014-12-05 18:22:39,192 [  11] INFO    TickerHubPublisher - Broadcast new trade to blotters: Common.TickerDto
2014-12-05 18:22:39,223 [  12] INFO    TickerHubPublisher - Broadcast new trade to blotters: Common.TickerDto
2014-12-05 18:22:39,254 [  11] INFO    TickerHubPublisher - Broadcast new trade to blotters: Common.TickerDto
2014-12-05 18:22:39,285 [  12] INFO    TickerHubPublisher - Broadcast new trade to blotters: Common.TickerDto
2014-12-05 18:22:39,317 [  11] INFO    TickerHubPublisher - Broadcast new trade to blotters: Common.TickerDto
2014-12-05 18:22:39,348 [  12] INFO    TickerHubPublisher - Broadcast new trade to blotters: Common.TickerDto
2014-12-05 18:22:39,379 [  11] INFO    TickerHubPublisher - Broadcast new trade to blotters: Common.TickerDto
2014-12-05 18:22:39,410 [  12] INFO    TickerHubPublisher - Broadcast new trade to blotters: Common.TickerDto
2014-12-05 18:22:39,442 [  11] INFO    TickerHubPublisher - Broadcast new trade to blotters: Common.TickerDto
2014-12-05 18:22:39,473 [  12] INFO    TickerHubPublisher - Broadcast new trade to blotters: Common.TickerDto
2014-12-05 18:22:39,504 [  11] INFO    TickerHubPublisher - Broadcast new trade to blotters: Common.TickerDto
2014-12-05 18:22:39,535 [  12] INFO    TickerHubPublisher - Broadcast new trade to blotters: Common.TickerDto
2014-12-05 18:22:39,567 [  11] INFO    TickerHubPublisher - Broadcast new trade to blotters: Common.TickerDto
2014-12-05 18:22:39,598 [  12] INFO    TickerHubPublisher - Broadcast new trade to blotters: Common.TickerDto
2014-12-05 18:22:39,629 [  11] INFO    TickerHubPublisher - Broadcast new trade to blotters: Common.TickerDto
2014-12-05 18:22:39,660 [  12] INFO    TickerHubPublisher - Broadcast new trade to blotters: Common.TickerDto
2014-12-05 18:22:39,692 [  11] INFO    TickerHubPublisher - Broadcast new trade to blotters: Common.TickerDto
2014-12-05 18:22:39,723 [  12] INFO    TickerHubPublisher - Broadcast new trade to blotters: Common.TickerDto
2014-12-05 18:22:39,754 [  11] INFO    TickerHubPublisher - Broadcast new trade to blotters: Common.TickerDto
2014-12-05 18:22:39,785 [  12] INFO    TickerHubPublisher - Broadcast new trade to blotters: Common.TickerDto
2014-12-05 18:22:39,817 [  11] INFO    TickerHubPublisher - Broadcast new trade to blotters: Common.TickerDto
2014-12-05 18:22:39,848 [  12] INFO    TickerHubPublisher - Broadcast new trade to blotters: Common.TickerDto
2014-12-05 18:22:39,879 [  11] INFO    TickerHubPublisher - Broadcast new trade to blotters: Common.TickerDto
2014-12-05 18:22:39,910 [  12] INFO    TickerHubPublisher - Broadcast new trade to blotters: Common.TickerDto
2014-12-05 18:22:39,942 [  11] INFO    TickerHubPublisher - Broadcast new trade to blotters: Common.TickerDto
2014-12-05 18:22:39,973 [  12] INFO    TickerHubPublisher - Broadcast new trade to blotters: Common.TickerDto
2014-12-05 18:22:40,004 [  11] INFO    TickerHubPublisher - Broadcast new trade to blotters: Common.TickerDto
2014-12-05 18:22:40,035 [  12] INFO    TickerHubPublisher - Broadcast new trade to blotters: Common.TickerDto
2014-12-05 18:22:40,067 [  11] INFO    TickerHubPublisher - Broadcast new trade to blotters: Common.TickerDto
2014-12-05 18:22:40,098 [  12] INFO    TickerHubPublisher - Broadcast new trade to blotters: Common.TickerDto
2014-12-05 18:22:40,129 [  11] INFO    TickerHubPublisher - Broadcast new trade to blotters: Common.TickerDto
2014-12-05 18:22:40,160 [  12] INFO    TickerHubPublisher - Broadcast new trade to blotters: Common.TickerDto
2014-12-05 18:22:40,192 [  11] INFO    TickerHubPublisher - Broadcast new trade to blotters: Common.TickerDto
2014-12-05 18:22:40,223 [  12] INFO    TickerHubPublisher - Broadcast new trade to blotters: Common.TickerDto
2014-12-05 18:22:40,254 [  11] INFO    TickerHubPublisher - Broadcast new trade to blotters: Common.TickerDto
2014-12-05 18:22:40,285 [  12] INFO    TickerHubPublisher - Broadcast new trade to blotters: Common.TickerDto
2014-12-05 18:22:40,317 [  11] INFO    TickerHubPublisher - Broadcast new trade to blotters: Common.TickerDto
2014-12-05 18:22:40,348 [  12] INFO    TickerHubPublisher - Broadcast new trade to blotters: Common.TickerDto
2014-12-05 18:22:40,379 [  11] INFO    TickerHubPublisher - Broadcast new trade to blotters: Common.TickerDto
2014-12-05 18:22:40,410 [  12] INFO    TickerHubPublisher - Broadcast new trade to blotters: Common.TickerDto
2014-12-05 18:22:40,442 [  11] INFO    TickerHubPublisher - Broadcast new trade to blotters: Common.TickerDto
2014-12-05 18:22:40,473 [  12] INFO    TickerHubPublisher - Broadcast new trade to blotters: Common.TickerDto
2014-12-05 18:22:40,504 [  11] INFO    TickerHubPublisher - Broadcast new trade to blotters: Common.TickerDto
2014-12-05 18:22:40,520 [  21] INFO             TickerHub - Received trade subscription from user 
2014-12-05 18:22:40,520 [  18] INFO             TickerHub - Connection e3de0d2a-956d-48df-b866-b54cd9220681 of user  added to group 'AllTickers'
2014-12-05 18:22:40,520 [  18] INFO             TickerHub - Snapshot published to e3de0d2a-956d-48df-b866-b54cd9220681
2014-12-05 18:22:40,535 [  17] INFO    TickerHubPublisher - Broadcast new trade to blotters: Common.TickerDto
2014-12-05 18:22:40,567 [  11] INFO    TickerHubPublisher - Broadcast new trade to blotters: Common.TickerDto
2014-12-05 18:22:40,598 [  18] INFO    TickerHubPublisher - Broadcast new trade to blotters: Common.TickerDto
2014-12-05 18:22:40,629 [  17] INFO    TickerHubPublisher - Broadcast new trade to blotters: Common.TickerDto
2014-12-05 18:22:40,660 [  12] INFO    TickerHubPublisher - Broadcast new trade to blotters: Common.TickerDto
2014-12-05 18:22:40,692 [  11] INFO    TickerHubPublisher - Broadcast new trade to blotters: Common.TickerDto
2014-12-05 18:22:40,723 [  18] INFO    TickerHubPublisher - Broadcast new trade to blotters: Common.TickerDto
2014-12-05 18:22:40,754 [  17] INFO    TickerHubPublisher - Broadcast new trade to blotters: Common.TickerDto
2014-12-05 18:22:40,786 [  12] INFO    TickerHubPublisher - Broadcast new trade to blotters: Common.TickerDto
2014-12-05 18:22:40,817 [  11] INFO    TickerHubPublisher - Broadcast new trade to blotters: Common.TickerDto
2014-12-05 18:22:40,848 [  18] INFO    TickerHubPublisher - Broadcast new trade to blotters: Common.TickerDto
2014-12-05 18:22:40,879 [  17] INFO    TickerHubPublisher - Broadcast new trade to blotters: Common.TickerDto
2014-12-05 18:22:40,910 [  12] INFO    TickerHubPublisher - Broadcast new trade to blotters: Common.TickerDto
2014-12-05 18:22:40,942 [  11] INFO    TickerHubPublisher - Broadcast new trade to blotters: Common.TickerDto
2014-12-05 18:22:40,973 [  18] INFO    TickerHubPublisher - Broadcast new trade to blotters: Common.TickerDto
2014-12-05 18:22:41,004 [  12] INFO    TickerHubPublisher - Broadcast new trade to blotters: Common.TickerDto
2014-12-05 18:22:41,035 [  17] INFO    TickerHubPublisher - Broadcast new trade to blotters: Common.TickerDto
2014-12-05 18:22:41,067 [  11] INFO    TickerHubPublisher - Broadcast new trade to blotters: Common.TickerDto
2014-12-05 18:22:41,098 [  18] INFO    TickerHubPublisher - Broadcast new trade to blotters: Common.TickerDto
2014-12-05 18:22:41,129 [  12] INFO    TickerHubPublisher - Broadcast new trade to blotters: Common.TickerDto
2014-12-05 18:22:41,160 [  17] INFO    TickerHubPublisher - Broadcast new trade to blotters: Common.TickerDto
2014-12-05 18:22:41,192 [  11] INFO    TickerHubPublisher - Broadcast new trade to blotters: Common.TickerDto
2014-12-05 18:22:41,223 [  18] INFO    TickerHubPublisher - Broadcast new trade to blotters: Common.TickerDto
2014-12-05 18:22:41,254 [  11] INFO    TickerHubPublisher - Broadcast new trade to blotters: Common.TickerDto
2014-12-05 18:22:41,285 [  12] INFO    TickerHubPublisher - Broadcast new trade to blotters: Common.TickerDto
2014-12-05 18:22:41,317 [  17] INFO    TickerHubPublisher - Broadcast new trade to blotters: Common.TickerDto
2014-12-05 18:22:41,348 [  18] INFO    TickerHubPublisher - Broadcast new trade to blotters: Common.TickerDto
2014-12-05 18:22:41,379 [  11] INFO    TickerHubPublisher - Broadcast new trade to blotters: Common.TickerDto
2014-12-05 18:22:41,410 [  12] INFO    TickerHubPublisher - Broadcast new trade to blotters: Common.TickerDto
2014-12-05 18:22:41,442 [  17] INFO    TickerHubPublisher - Broadcast new trade to blotters: Common.TickerDto
2014-12-05 18:22:41,473 [  18] INFO    TickerHubPublisher - Broadcast new trade to blotters: Common.TickerDto
2014-12-05 18:22:41,504 [  11] INFO    TickerHubPublisher - Broadcast new trade to blotters: Common.TickerDto
2014-12-05 18:22:41,535 [  12] INFO    TickerHubPublisher - Broadcast new trade to blotters: Common.TickerDto
2014-12-05 18:22:41,567 [  17] INFO    TickerHubPublisher - Broadcast new trade to blotters: Common.TickerDto
2014-12-05 18:22:41,598 [  18] INFO    TickerHubPublisher - Broadcast new trade to blotters: Common.TickerDto
2014-12-05 18:22:41,629 [  12] INFO    TickerHubPublisher - Broadcast new trade to blotters: Common.TickerDto
2014-12-05 18:22:41,660 [  11] INFO    TickerHubPublisher - Broadcast new trade to blotters: Common.TickerDto
2014-12-05 18:22:41,692 [  17] INFO    TickerHubPublisher - Broadcast new trade to blotters: Common.TickerDto
2014-12-05 18:22:41,723 [  18] INFO    TickerHubPublisher - Broadcast new trade to blotters: Common.TickerDto
2014-12-05 18:22:41,754 [  12] INFO    TickerHubPublisher - Broadcast new trade to blotters: Common.TickerDto
2014-12-05 18:22:41,785 [  11] INFO    TickerHubPublisher - Broadcast new trade to blotters: Common.TickerDto
2014-12-05 18:22:41,817 [  17] INFO    TickerHubPublisher - Broadcast new trade to blotters: Common.TickerDto
2014-12-05 18:22:41,848 [  12] INFO    TickerHubPublisher - Broadcast new trade to blotters: Common.TickerDto
2014-12-05 18:22:41,879 [  18] INFO    TickerHubPublisher - Broadcast new trade to blotters: Common.TickerDto
2014-12-05 18:22:41,910 [  11] INFO    TickerHubPublisher - Broadcast new trade to blotters: Common.TickerDto
2014-12-05 18:22:41,942 [  17] INFO    TickerHubPublisher - Broadcast new trade to blotters: Common.TickerDto
2014-12-05 18:22:41,973 [  12] INFO    TickerHubPublisher - Broadcast new trade to blotters: Common.TickerDto
2014-12-05 18:22:42,004 [  18] INFO    TickerHubPublisher - Broadcast new trade to blotters: Common.TickerDto
2014-12-05 18:22:42,036 [  11] INFO    TickerHubPublisher - Broadcast new trade to blotters: Common.TickerDto
2014-12-05 18:22:42,067 [  17] INFO    TickerHubPublisher - Broadcast new trade to blotters: Common.TickerDto
2014-12-05 18:22:42,098 [  12] INFO    TickerHubPublisher - Broadcast new trade to blotters: Common.TickerDto
2014-12-05 18:22:42,129 [  18] INFO    TickerHubPublisher - Broadcast new trade to blotters: Common.TickerDto
2014-12-05 18:22:42,160 [  11] INFO    TickerHubPublisher - Broadcast new trade to blotters: Common.TickerDto
2014-12-05 18:22:42,192 [  17] INFO    TickerHubPublisher - Broadcast new trade to blotters: Common.TickerDto
2014-12-05 18:22:42,223 [  12] INFO    TickerHubPublisher - Broadcast new trade to blotters: Common.TickerDto
2014-12-05 18:22:42,254 [  18] INFO    TickerHubPublisher - Broadcast new trade to blotters: Common.TickerDto
2014-12-05 18:22:42,285 [  11] INFO    TickerHubPublisher - Broadcast new trade to blotters: Common.TickerDto
2014-12-05 18:22:42,317 [  17] INFO    TickerHubPublisher - Broadcast new trade to blotters: Common.TickerDto
2014-12-05 18:22:42,348 [  12] INFO    TickerHubPublisher - Broadcast new trade to blotters: Common.TickerDto
2014-12-05 18:22:42,379 [  18] INFO    TickerHubPublisher - Broadcast new trade to blotters: Common.TickerDto
2014-12-05 18:22:42,410 [  11] INFO    TickerHubPublisher - Broadcast new trade to blotters: Common.TickerDto
2014-12-05 18:22:42,442 [  17] INFO    TickerHubPublisher - Broadcast new trade to blotters: Common.TickerDto
2014-12-05 18:22:42,473 [  12] INFO    TickerHubPublisher - Broadcast new trade to blotters: Common.TickerDto
2014-12-05 18:22:42,504 [  18] INFO    TickerHubPublisher - Broadcast new trade to blotters: Common.TickerDto
2014-12-05 18:22:42,535 [  11] INFO    TickerHubPublisher - Broadcast new trade to blotters: Common.TickerDto
2014-12-05 18:22:42,567 [  17] INFO    TickerHubPublisher - Broadcast new trade to blotters: Common.TickerDto
2014-12-05 18:22:42,598 [  12] INFO    TickerHubPublisher - Broadcast new trade to blotters: Common.TickerDto
2014-12-05 18:22:42,629 [  18] INFO    TickerHubPublisher - Broadcast new trade to blotters: Common.TickerDto
2014-12-05 18:22:42,660 [  11] INFO    TickerHubPublisher - Broadcast new trade to blotters: Common.TickerDto
2014-12-05 18:22:42,692 [  17] INFO    TickerHubPublisher - Broadcast new trade to blotters: Common.TickerDto
2014-12-05 18:22:42,723 [  12] INFO    TickerHubPublisher - Broadcast new trade to blotters: Common.TickerDto
2014-12-05 18:22:42,754 [  18] INFO    TickerHubPublisher - Broadcast new trade to blotters: Common.TickerDto
2014-12-05 18:22:42,785 [  11] INFO    TickerHubPublisher - Broadcast new trade to blotters: Common.TickerDto
2014-12-05 18:22:42,817 [  17] INFO    TickerHubPublisher - Broadcast new trade to blotters: Common.TickerDto
2014-12-05 18:22:42,848 [  12] INFO    TickerHubPublisher - Broadcast new trade to blotters: Common.TickerDto
2014-12-05 18:22:42,879 [  18] INFO    TickerHubPublisher - Broadcast new trade to blotters: Common.TickerDto
2014-12-05 18:22:42,910 [  11] INFO    TickerHubPublisher - Broadcast new trade to blotters: Common.TickerDto
2014-12-05 18:22:42,942 [  17] INFO    TickerHubPublisher - Broadcast new trade to blotters: Common.TickerDto
2014-12-05 18:22:42,973 [  12] INFO    TickerHubPublisher - Broadcast new trade to blotters: Common.TickerDto
2014-12-05 18:22:43,004 [  18] INFO    TickerHubPublisher - Broadcast new trade to blotters: Common.TickerDto
2014-12-05 18:22:43,035 [  11] INFO    TickerHubPublisher - Broadcast new trade to blotters: Common.TickerDto
2014-12-05 18:22:43,067 [  17] INFO    TickerHubPublisher - Broadcast new trade to blotters: Common.TickerDto
2014-12-05 18:22:43,098 [  12] INFO    TickerHubPublisher - Broadcast new trade to blotters: Common.TickerDto
2014-12-05 18:22:43,160 [  11] INFO    TickerHubPublisher - Broadcast new trade to blotters: Common.TickerDto
